#
# There is insufficient memory for the Java Runtime Environment to continue.
# Native memory allocation (mmap) failed to map 536870912 bytes for G1 virtual space
# Possible reasons:
#   The system is out of physical RAM or swap space
#   The process is running with CompressedOops enabled, and the Java Heap may be blocking the growth of the native heap
# Possible solutions:
#   Reduce memory load on the system
#   Increase physical memory or swap space
#   Check if swap backing store is full
#   Decrease Java heap size (-Xmx/-Xms)
#   Decrease number of Java threads
#   Decrease Java thread stack sizes (-Xss)
#   Set larger code cache with -XX:ReservedCodeCacheSize=
#   JVM is running with Zero Based Compressed Oops mode in which the Java heap is
#     placed in the first 32GB address space. The Java Heap base address is the
#     maximum limit for the native heap growth. Please use -XX:HeapBaseMinAddress
#     to set the Java Heap base and to place the Java Heap above 32GB virtual address.
# This output file may be truncated or incomplete.
#
#  Out of Memory Error (os_windows.cpp:3600), pid=20720, tid=47928
#
# JRE version:  (21.0.1+12) (build )
# Java VM: Java HotSpot(TM) 64-Bit Server VM (21.0.1+12-LTS-29, mixed mode, sharing, tiered, compressed oops, compressed class ptrs, g1 gc, windows-amd64)
# No core dump will be written. Minidumps are not enabled by default on client versions of Windows
#

---------------  S U M M A R Y ------------

Command Line: -Dclassworlds.conf=C:\apache-maven-3.9.5\bin\m2.conf -Dmaven.home=C:\apache-maven-3.9.5 -Dlibrary.jansi.path=C:\apache-maven-3.9.5\lib\jansi-native -Dmaven.multiModuleProjectDirectory=C:\Users\victo\Documents\GitHub\demo org.codehaus.plexus.classworlds.launcher.Launcher clean package

Host: AMD Ryzen 9 3900X 12-Core Processor            , 24 cores, 31G,  Windows 11 , 64 bit Build 22621 (10.0.22621.2506)
Time: Sat Nov 25 19:22:06 2023 Hora verano Sudamérica Pacífico elapsed time: 0.015858 seconds (0d 0h 0m 0s)

---------------  T H R E A D  ---------------

Current thread (0x000001cd003ec8e0):  JavaThread "Unknown thread" [_thread_in_vm, id=47928, stack(0x0000003db1500000,0x0000003db1600000) (1024K)]

Stack: [0x0000003db1500000,0x0000003db1600000]
Native frames: (J=compiled Java code, j=interpreted, Vv=VM code, C=native code)
V  [jvm.dll+0x6c9029]
V  [jvm.dll+0x854b81]
V  [jvm.dll+0x856e5e]
V  [jvm.dll+0x857543]
V  [jvm.dll+0x280c06]
V  [jvm.dll+0x6c5715]
V  [jvm.dll+0x6ba10a]
V  [jvm.dll+0x3557ea]
V  [jvm.dll+0x35d436]
V  [jvm.dll+0x3ae1be]
V  [jvm.dll+0x3ae468]
V  [jvm.dll+0x3291fc]
V  [jvm.dll+0x329d8b]
V  [jvm.dll+0x81d179]
V  [jvm.dll+0x3bb4f1]
V  [jvm.dll+0x805ae8]
V  [jvm.dll+0x44effe]
V  [jvm.dll+0x450901]
C  [jli.dll+0x52a3]
C  [ucrtbase.dll+0x29363]
C  [KERNEL32.DLL+0x1257d]
C  [ntdll.dll+0x5aa58]


---------------  P R O C E S S  ---------------

Threads class SMR info:
_java_thread_list=0x00007ffc11789b88, length=0, elements={
}

Java Threads: ( => current thread )
Total: 0

Other Threads:
  0x000001cd0285da70 WorkerThread "GC Thread#0"                     [id=11516, stack(0x0000003db1600000,0x0000003db1700000) (1024K)]
  0x000001cd0286fb50 ConcurrentGCThread "G1 Main Marker"            [id=39548, stack(0x0000003db1700000,0x0000003db1800000) (1024K)]
  0x000001cd02870d00 WorkerThread "G1 Conc#0"                       [id=4716, stack(0x0000003db1800000,0x0000003db1900000) (1024K)]

[error occurred during error reporting (printing all threads), id 0xc0000005, EXCEPTION_ACCESS_VIOLATION (0xc0000005) at pc=0x00007ffc10efc2c7]
VM state: not at safepoint (not fully initialized)

VM Mutex/Monitor currently owned by a thread:  ([mutex/lock_event])
[0x00007ffc117fa6f8] Heap_lock - owner thread: 0x000001cd003ec8e0

Heap address: 0x0000000600c00000, size: 8180 MB, Compressed Oops mode: Zero based, Oop shift amount: 3

CDS archive(s) mapped at: [0x0000000000000000-0x0000000000000000-0x0000000000000000), size 0, SharedBaseAddress: 0x0000000800000000, ArchiveRelocationMode: 1.
Narrow klass base: 0x0000000000000000, Narrow klass shift: 0, Narrow klass range: 0x0

GC Precious Log:
 CardTable entry size: 512
 Card Set container configuration: InlinePtr #cards 4 size 8 Array Of Cards #cards 32 size 80 Howl #buckets 8 coarsen threshold 7372 Howl Bitmap #cards 1024 size 144 coarsen threshold 921 Card regions per heap region 1 cards per card region 8192

Heap:
 garbage-first heap   total 0K, used 0K [0x0000000600c00000, 0x0000000800000000)
  region size 4096K, 0 young (0K), 0 survivors (0K)

[error occurred during error reporting (printing heap information), id 0xc0000005, EXCEPTION_ACCESS_VIOLATION (0xc0000005) at pc=0x00007ffc112e1be9]
GC Heap History (0 events):
No events

Dll operation events (1 events):
Event: 0.007 Loaded shared library C:\Program Files\Java\jdk-21\bin\java.dll

Deoptimization events (0 events):
No events

Classes loaded (0 events):
No events

Classes unloaded (0 events):
No events

Classes redefined (0 events):
No events

Internal exceptions (0 events):
No events

ZGC Phase Switch (0 events):
No events

VM Operations (0 events):
No events

Events (0 events):
No events


Dynamic libraries:
0x00007ff7a6e90000 - 0x00007ff7a6ea0000 	C:\Program Files\Java\jdk-21\bin\java.exe
0x00007ffcea4f0000 - 0x00007ffcea707000 	C:\WINDOWS\SYSTEM32\ntdll.dll
0x00007ffce8a70000 - 0x00007ffce8b34000 	C:\WINDOWS\System32\KERNEL32.DLL
0x00007ffce7d20000 - 0x00007ffce80c5000 	C:\WINDOWS\System32\KERNELBASE.dll
0x00007ffce7a90000 - 0x00007ffce7ba1000 	C:\WINDOWS\System32\ucrtbase.dll
0x00007ffcba3f0000 - 0x00007ffcba40b000 	C:\Program Files\Java\jdk-21\bin\VCRUNTIME140.dll
0x00007ffcb7ab0000 - 0x00007ffcb7ac9000 	C:\Program Files\Java\jdk-21\bin\jli.dll
0x00007ffce8370000 - 0x00007ffce8421000 	C:\WINDOWS\System32\ADVAPI32.dll
0x00007ffce86b0000 - 0x00007ffce8757000 	C:\WINDOWS\System32\msvcrt.dll
0x00007ffce8ed0000 - 0x00007ffce8f76000 	C:\WINDOWS\System32\sechost.dll
0x00007ffce8760000 - 0x00007ffce8877000 	C:\WINDOWS\System32\RPCRT4.dll
0x00007ffcea300000 - 0x00007ffcea4ae000 	C:\WINDOWS\System32\USER32.dll
0x00007ffce7bb0000 - 0x00007ffce7bd6000 	C:\WINDOWS\System32\win32u.dll
0x00007ffcdac70000 - 0x00007ffcdaf03000 	C:\WINDOWS\WinSxS\amd64_microsoft.windows.common-controls_6595b64144ccf1df_6.0.22621.2506_none_270c5ae97388e100\COMCTL32.dll
0x00007ffce8f80000 - 0x00007ffce8fa9000 	C:\WINDOWS\System32\GDI32.dll
0x00007ffce7860000 - 0x00007ffce7979000 	C:\WINDOWS\System32\gdi32full.dll
0x00007ffce79f0000 - 0x00007ffce7a8a000 	C:\WINDOWS\System32\msvcp_win.dll
0x00007ffcdf560000 - 0x00007ffcdf56a000 	C:\WINDOWS\SYSTEM32\VERSION.dll
0x00007ffce8240000 - 0x00007ffce8271000 	C:\WINDOWS\System32\IMM32.DLL
0x00007ffcca380000 - 0x00007ffcca38c000 	C:\Program Files\Java\jdk-21\bin\vcruntime140_1.dll
0x00007ffc7cae0000 - 0x00007ffc7cb6e000 	C:\Program Files\Java\jdk-21\bin\msvcp140.dll
0x00007ffc10bc0000 - 0x00007ffc118d5000 	C:\Program Files\Java\jdk-21\bin\server\jvm.dll
0x00007ffce8280000 - 0x00007ffce82f1000 	C:\WINDOWS\System32\WS2_32.dll
0x00007ffce7730000 - 0x00007ffce777d000 	C:\WINDOWS\SYSTEM32\POWRPROF.dll
0x00007ffce0630000 - 0x00007ffce0664000 	C:\WINDOWS\SYSTEM32\WINMM.dll
0x00007ffce7710000 - 0x00007ffce7723000 	C:\WINDOWS\SYSTEM32\UMPDC.dll
0x00007ffce67a0000 - 0x00007ffce67b8000 	C:\WINDOWS\SYSTEM32\kernel.appcore.dll
0x00007ffcbcaf0000 - 0x00007ffcbcafa000 	C:\Program Files\Java\jdk-21\bin\jimage.dll
0x00007ffce5050000 - 0x00007ffce5283000 	C:\WINDOWS\SYSTEM32\DBGHELP.DLL
0x00007ffce8b40000 - 0x00007ffce8ec9000 	C:\WINDOWS\System32\combase.dll
0x00007ffce9430000 - 0x00007ffce9507000 	C:\WINDOWS\System32\OLEAUT32.dll
0x00007ffccc570000 - 0x00007ffccc5a2000 	C:\WINDOWS\SYSTEM32\dbgcore.DLL
0x00007ffce7ca0000 - 0x00007ffce7d1a000 	C:\WINDOWS\System32\bcryptPrimitives.dll
0x00007ffcb5210000 - 0x00007ffcb522f000 	C:\Program Files\Java\jdk-21\bin\java.dll

dbghelp: loaded successfully - version: 4.0.5 - missing functions: none
symbol engine: initialized successfully - sym options: 0x614 - pdb path: .;C:\Program Files\Java\jdk-21\bin;C:\WINDOWS\SYSTEM32;C:\WINDOWS\WinSxS\amd64_microsoft.windows.common-controls_6595b64144ccf1df_6.0.22621.2506_none_270c5ae97388e100;C:\Program Files\Java\jdk-21\bin\server

VM Arguments:
jvm_args: -Dclassworlds.conf=C:\apache-maven-3.9.5\bin\m2.conf -Dmaven.home=C:\apache-maven-3.9.5 -Dlibrary.jansi.path=C:\apache-maven-3.9.5\lib\jansi-native -Dmaven.multiModuleProjectDirectory=C:\Users\victo\Documents\GitHub\demo 
java_command: org.codehaus.plexus.classworlds.launcher.Launcher clean package
java_class_path (initial): C:\apache-maven-3.9.5\boot\plexus-classworlds-2.7.0.jar
Launcher Type: SUN_STANDARD

[Global flags]
     intx CICompilerCount                          = 12                                        {product} {ergonomic}
     uint ConcGCThreads                            = 5                                         {product} {ergonomic}
     uint G1ConcRefinementThreads                  = 18                                        {product} {ergonomic}
   size_t G1HeapRegionSize                         = 4194304                                   {product} {ergonomic}
    uintx GCDrainStackTargetSize                   = 64                                        {product} {ergonomic}
   size_t InitialHeapSize                          = 536870912                                 {product} {ergonomic}
   size_t MarkStackSize                            = 4194304                                   {product} {ergonomic}
   size_t MaxHeapSize                              = 8577351680                                {product} {ergonomic}
   size_t MinHeapDeltaBytes                        = 4194304                                   {product} {ergonomic}
   size_t MinHeapSize                              = 8388608                                   {product} {ergonomic}
    uintx NonNMethodCodeHeapSize                   = 7602480                                {pd product} {ergonomic}
    uintx NonProfiledCodeHeapSize                  = 122027880                              {pd product} {ergonomic}
    uintx ProfiledCodeHeapSize                     = 122027880                              {pd product} {ergonomic}
    uintx ReservedCodeCacheSize                    = 251658240                              {pd product} {ergonomic}
     bool SegmentedCodeCache                       = true                                      {product} {ergonomic}
   size_t SoftMaxHeapSize                          = 8577351680                             {manageable} {ergonomic}
     bool UseCompressedOops                        = true                           {product lp64_product} {ergonomic}
     bool UseG1GC                                  = true                                      {product} {ergonomic}
     bool UseLargePagesIndividualAllocation        = false                                  {pd product} {ergonomic}

Logging:
Log output configuration:
 #0: stdout all=warning uptime,level,tags foldmultilines=false
 #1: stderr all=off uptime,level,tags foldmultilines=false

Environment Variables:
JAVA_HOME=C:\Program Files\Java\jdk-21
PATH=C:\Program Files\Common Files\Oracle\Java\javapath;C:\app\victo\product\21c\dbhomeXE\bin;C:\ORACLE\WINDOWS.X64_193000_db_home\bin;C:\Users\victo\Downloads\WINDOWS.X64_193000_db_home\bin;C:\Program Files (x86)\Razer Chroma SDK\bin;C:\Program Files\Razer Chroma SDK\bin;C:\Program Files (x86)\Razer\ChromaBroadcast\bin;C:\Program Files\Razer\ChromaBroadcast\bin;C:\Windows\system32;C:\Windows;C:\Windows\System32\Wbem;C:\Windows\System32\WindowsPowerShell\v1.0\;C:\Windows\System32\OpenSSH\;C:\Program Files\NVIDIA Corporation\NVIDIA NvDLISR;C:\Program Files (x86)\Git\cmd;C:\WINDOWS\system32;C:\WINDOWS;C:\WINDOWS\System32\Wbem;C:\WINDOWS\System32\WindowsPowerShell\v1.0\;C:\WINDOWS\System32\OpenSSH\;C:\Program Files (x86)\NVIDIA Corporation\PhysX\Common;C:\WINDOWS\system32\config\systemprofile\AppData\Local\Microsoft\WindowsApps;C:\Program Files\Microsoft SQL Server\150\Tools\Binn\;C:\Program Files\Microsoft SQL Server\Client SDK\ODBC\170\Tools\Binn\;C:\WINDOWS\system32;C:\WINDOWS;C:\WINDOWS\System32\Wbem;C:\WINDOWS\System32\WindowsPowerShell\v1.0\;C:\WINDOWS\System32\OpenSSH\;C:\Program Files\nodejs\;C:\Program Files\dotnet\;C:\Program Files\Java\jdk-21\bin;C:\apache-maven-3.9.5\bin;;C:\Program Files\Docker\Docker\resources\bin;C:\Users\victo\AppData\Local\Programs\Python\Python39\Scripts\;C:\Users\victo\AppData\Local\Programs\Python\Python39\;C:\Users\victo\AppData\Local\Microsoft\WindowsApps;C:\Users\victo\AppData\Local\GitHubDesktop\bin;C:\Users\victo\AppData\Roaming\npm;C:\Users\victo\AppData\Local\Programs\Microsoft VS Code\bin;C:\Users\victo\.dotnet\tools;
USERNAME=victo
LANG=en_US.UTF-8
OS=Windows_NT
PROCESSOR_IDENTIFIER=AMD64 Family 23 Model 113 Stepping 0, AuthenticAMD
TMP=C:\Users\victo\AppData\Local\Temp
TEMP=C:\Users\victo\AppData\Local\Temp




Periodic native trim disabled

---------------  S Y S T E M  ---------------

OS:
 Windows 11 , 64 bit Build 22621 (10.0.22621.2506)
OS uptime: 1 days 22:47 hours
Hyper-V role detected

CPU: total 24 (initial active 24) (24 cores per cpu, 2 threads per core) family 23 model 113 stepping 0 microcode 0x0, cx8, cmov, fxsr, ht, mmx, 3dnowpref, sse, sse2, sse3, ssse3, sse4a, sse4.1, sse4.2, popcnt, lzcnt, tsc, tscinvbit, avx, avx2, aes, clmul, bmi1, bmi2, adx, sha, fma, vzeroupper, clflush, clflushopt, hv, rdtscp, rdpid, f16c
Processor Information for all 24 processors :
  Max Mhz: 3793, Current Mhz: 3793, Mhz Limit: 3793

Memory: 4k page, system-wide physical 32715M (7715M free)
TotalPageFile size 34571M (AvailPageFile size 205M)
current process WorkingSet (physical memory assigned to process): 12M, peak: 12M
current process commit charge ("private bytes"): 81M, peak: 593M

vm_info: Java HotSpot(TM) 64-Bit Server VM (21.0.1+12-LTS-29) for windows-amd64 JRE (21.0.1+12-LTS-29), built on 2023-10-05T13:27:09Z by "mach5one" with MS VC++ 17.1 (VS2022)

END.
